2020-10-24 12:48:41,233 [INFO] Activator:178 - 


2020-10-24 12:48:41,235 [INFO] Activator:179 - !SESSION log4j initialized
2020-10-24 12:48:54,455 [ERROR] LogOutputStream:74 - [STDERR_REDIRECT] 
2020-10-24 12:49:00,140 [INFO] ApplicationProperties:181 - Using Application install path: /Applications/STM32CubeIDE.app/Contents/Eclipse/plugins/com.st.stm32cube.common.mx_6.0.1.202008101643
2020-10-24 12:49:00,149 [INFO] DbMcusXml:70 - Set database path to: /Applications/STM32CubeIDE.app/Contents/Eclipse/plugins/com.st.stm32cube.common.mx_6.0.1.202008101643//db//mcu/
2020-10-24 12:49:00,153 [INFO] DbBoardsPdsc:56 - Set plugin database path to: /Applications/STM32CubeIDE.app/Contents/Eclipse/plugins/com.st.stm32cube.common.mx_6.0.1.202008101643//db//plugins/boardmanager/
2020-10-24 12:49:00,153 [INFO] DbMcus:258 - Set plugin images path to: /Applications/STM32CubeIDE.app/Contents/Eclipse/plugins/com.st.stm32cube.common.mx_6.0.1.202008101643//db//plugins/mcufinder/images/
2020-10-24 12:49:00,153 [INFO] DbBoards:264 - Set plugin images path to: /Applications/STM32CubeIDE.app/Contents/Eclipse/plugins/com.st.stm32cube.common.mx_6.0.1.202008101643//db//plugins/mcufinder/images/
2020-10-24 12:49:00,156 [INFO] DbExamples:326 - Set plugin images path to: /Applications/STM32CubeIDE.app/Contents/Eclipse/plugins/com.st.stm32cube.common.mx_6.0.1.202008101643//db//plugins/mcufinder/images/
2020-10-24 12:49:00,159 [INFO] DbMcusDocs:112 - Set database path to: /Users/leylee/.stmcufinder/plugins/mcufinder//mcu/
2020-10-24 12:49:00,161 [INFO] DbMcusJson:63 - Set database path to: /Users/leylee/.stmcufinder/plugins/mcufinder//mcu/
2020-10-24 12:49:00,162 [INFO] DbBoardsDocs:112 - Set database path to: /Users/leylee/.stmcufinder/plugins/mcufinder//mcu/
2020-10-24 12:49:00,163 [INFO] DbBoardsJson:56 - Set database path to: /Users/leylee/.stmcufinder/plugins/mcufinder//mcu/
2020-10-24 12:49:00,166 [INFO] CrossReferenceDbSqlite:196 - Set database path to: /Users/leylee/.stmcufinder/plugins/mcufinder//mcu/cs/
2020-10-24 12:49:00,169 [INFO] DbExamplesSqlite:800 - Set database path to: /Users/leylee/.stmcufinder/plugins/mcufinder//mcu/
2020-10-24 12:49:00,250 [INFO] RulesReader:52 - Compatibility file has been processed (209 Rules)
2020-10-24 12:49:00,313 [INFO] MicroXplorer:564 - Detected Java Version = 1.8.0_252
2020-10-24 12:49:00,313 [INFO] DbMcusXml:70 - Set database path to: /Applications/STM32CubeIDE.app/Contents/Eclipse/plugins/com.st.stm32cube.common.mx_6.0.1.202008101643//db//mcu/
2020-10-24 12:49:00,313 [INFO] DbBoardsPdsc:56 - Set plugin database path to: /Applications/STM32CubeIDE.app/Contents/Eclipse/plugins/com.st.stm32cube.common.mx_6.0.1.202008101643//db//plugins/boardmanager/
2020-10-24 12:49:00,314 [INFO] DbMcus:258 - Set plugin images path to: /Applications/STM32CubeIDE.app/Contents/Eclipse/plugins/com.st.stm32cube.common.mx_6.0.1.202008101643//db//plugins/mcufinder/images/
2020-10-24 12:49:00,314 [INFO] DbBoards:264 - Set plugin images path to: /Applications/STM32CubeIDE.app/Contents/Eclipse/plugins/com.st.stm32cube.common.mx_6.0.1.202008101643//db//plugins/mcufinder/images/
2020-10-24 12:49:00,314 [INFO] DbExamples:326 - Set plugin images path to: /Applications/STM32CubeIDE.app/Contents/Eclipse/plugins/com.st.stm32cube.common.mx_6.0.1.202008101643//db//plugins/mcufinder/images/
2020-10-24 12:49:00,315 [WARN] DbFile:36 - Overriding database path with different value: /Users/leylee/.stmcufinder/plugins/mcufinder/ => /Users/leylee/.stmcufinder/plugins/mcufinder
2020-10-24 12:49:00,315 [INFO] DbMcusDocs:112 - Set database path to: /Users/leylee/.stmcufinder/plugins/mcufinder//mcu/
2020-10-24 12:49:00,315 [WARN] DbFile:36 - Overriding database path with different value: /Users/leylee/.stmcufinder/plugins/mcufinder/ => /Users/leylee/.stmcufinder/plugins/mcufinder
2020-10-24 12:49:00,315 [INFO] DbMcusJson:63 - Set database path to: /Users/leylee/.stmcufinder/plugins/mcufinder//mcu/
2020-10-24 12:49:00,315 [WARN] DbFile:36 - Overriding database path with different value: /Users/leylee/.stmcufinder/plugins/mcufinder/ => /Users/leylee/.stmcufinder/plugins/mcufinder
2020-10-24 12:49:00,315 [INFO] DbBoardsDocs:112 - Set database path to: /Users/leylee/.stmcufinder/plugins/mcufinder//mcu/
2020-10-24 12:49:00,315 [WARN] DbFile:36 - Overriding database path with different value: /Users/leylee/.stmcufinder/plugins/mcufinder/ => /Users/leylee/.stmcufinder/plugins/mcufinder
2020-10-24 12:49:00,316 [INFO] DbBoardsJson:56 - Set database path to: /Users/leylee/.stmcufinder/plugins/mcufinder//mcu/
2020-10-24 12:49:00,316 [WARN] DbFile:36 - Overriding database path with different value: /Users/leylee/.stmcufinder/plugins/mcufinder/ => /Users/leylee/.stmcufinder/plugins/mcufinder
2020-10-24 12:49:00,316 [WARN] DbFile:36 - Overriding database path with different value: /Users/leylee/.stmcufinder/plugins/mcufinder/ => /Users/leylee/.stmcufinder/plugins/mcufinder
2020-10-24 12:49:00,316 [INFO] CrossReferenceDbSqlite:196 - Set database path to: /Users/leylee/.stmcufinder/plugins/mcufinder//mcu/cs/
2020-10-24 12:49:00,316 [WARN] DbFile:36 - Overriding database path with different value: /Users/leylee/.stmcufinder/plugins/mcufinder/ => /Users/leylee/.stmcufinder/plugins/mcufinder
2020-10-24 12:49:00,316 [INFO] DbExamplesSqlite:800 - Set database path to: /Users/leylee/.stmcufinder/plugins/mcufinder//mcu/
2020-10-24 12:49:00,359 [INFO] MainPanel:189 - HeapMemory: 357564416
2020-10-24 12:49:00,406 [INFO] DbMcusXml:70 - Set database path to: /Applications/STM32CubeIDE.app/Contents/Eclipse/plugins/com.st.stm32cube.common.mx_6.0.1.202008101643//db//mcu/
2020-10-24 12:49:00,406 [INFO] DbBoardsPdsc:56 - Set plugin database path to: /Applications/STM32CubeIDE.app/Contents/Eclipse/plugins/com.st.stm32cube.common.mx_6.0.1.202008101643//db//plugins/boardmanager/
2020-10-24 12:49:00,406 [INFO] DbMcus:258 - Set plugin images path to: /Applications/STM32CubeIDE.app/Contents/Eclipse/plugins/com.st.stm32cube.common.mx_6.0.1.202008101643//db//plugins/mcufinder/images/
2020-10-24 12:49:00,406 [INFO] DbBoards:264 - Set plugin images path to: /Applications/STM32CubeIDE.app/Contents/Eclipse/plugins/com.st.stm32cube.common.mx_6.0.1.202008101643//db//plugins/mcufinder/images/
2020-10-24 12:49:00,407 [INFO] DbExamples:326 - Set plugin images path to: /Applications/STM32CubeIDE.app/Contents/Eclipse/plugins/com.st.stm32cube.common.mx_6.0.1.202008101643//db//plugins/mcufinder/images/
2020-10-24 12:49:00,407 [WARN] DbFile:36 - Overriding database path with different value: /Users/leylee/.stmcufinder/plugins/mcufinder/ => /Users/leylee/.stmcufinder/plugins/mcufinder
2020-10-24 12:49:00,407 [INFO] DbMcusDocs:112 - Set database path to: /Users/leylee/.stmcufinder/plugins/mcufinder//mcu/
2020-10-24 12:49:00,407 [WARN] DbFile:36 - Overriding database path with different value: /Users/leylee/.stmcufinder/plugins/mcufinder/ => /Users/leylee/.stmcufinder/plugins/mcufinder
2020-10-24 12:49:00,407 [INFO] DbMcusJson:63 - Set database path to: /Users/leylee/.stmcufinder/plugins/mcufinder//mcu/
2020-10-24 12:49:00,407 [WARN] DbFile:36 - Overriding database path with different value: /Users/leylee/.stmcufinder/plugins/mcufinder/ => /Users/leylee/.stmcufinder/plugins/mcufinder
2020-10-24 12:49:00,408 [INFO] DbBoardsDocs:112 - Set database path to: /Users/leylee/.stmcufinder/plugins/mcufinder//mcu/
2020-10-24 12:49:00,408 [WARN] DbFile:36 - Overriding database path with different value: /Users/leylee/.stmcufinder/plugins/mcufinder/ => /Users/leylee/.stmcufinder/plugins/mcufinder
2020-10-24 12:49:00,408 [INFO] DbBoardsJson:56 - Set database path to: /Users/leylee/.stmcufinder/plugins/mcufinder//mcu/
2020-10-24 12:49:00,408 [WARN] DbFile:36 - Overriding database path with different value: /Users/leylee/.stmcufinder/plugins/mcufinder/ => /Users/leylee/.stmcufinder/plugins/mcufinder
2020-10-24 12:49:00,408 [WARN] DbFile:36 - Overriding database path with different value: /Users/leylee/.stmcufinder/plugins/mcufinder/ => /Users/leylee/.stmcufinder/plugins/mcufinder
2020-10-24 12:49:00,408 [INFO] CrossReferenceDbSqlite:196 - Set database path to: /Users/leylee/.stmcufinder/plugins/mcufinder//mcu/cs/
2020-10-24 12:49:00,408 [WARN] DbFile:36 - Overriding database path with different value: /Users/leylee/.stmcufinder/plugins/mcufinder/ => /Users/leylee/.stmcufinder/plugins/mcufinder
2020-10-24 12:49:00,408 [INFO] DbExamplesSqlite:800 - Set database path to: /Users/leylee/.stmcufinder/plugins/mcufinder//mcu/
2020-10-24 12:49:00,421 [INFO] ApplicationProperties:181 - Using Application install path: /Applications/STM32CubeIDE.app/Contents/Eclipse/plugins/com.st.stm32cube.common.mx_6.0.1.202008101643
2020-10-24 12:49:00,423 [INFO] PluginManage:178 - Search for loadable plugins [exclusion list=, ]
2020-10-24 12:49:00,423 [INFO] PluginManage:292 - Check plugin analytics
2020-10-24 12:49:05,338 [INFO] RetryExec:97 - I/O exception (org.apache.http.NoHttpResponseException) caught when processing request to {s}->https://download.eclipse.org:443: The target server failed to respond
2020-10-24 12:49:05,339 [INFO] RetryExec:113 - Retrying request to {s}->https://download.eclipse.org:443
2020-10-24 12:49:09,487 [INFO] AnalyticsPlugin:203 - Accepted Software Licenses: 
2020-10-24 12:49:09,488 [INFO] AnalyticsPlugin:205 - Accepted CMSIS Pack Licenses: 
2020-10-24 12:49:09,488 [INFO] AnalyticsPlugin:207 - Accepted Firmware Licenses: 
2020-10-24 12:49:09,488 [INFO] PluginManage:342 - Loaded plugin analytics (category:tool,tabindex:-1)
2020-10-24 12:49:09,489 [INFO] PluginManage:292 - Check plugin clock
2020-10-24 12:49:09,497 [INFO] PluginManage:342 - Loaded plugin clock (category:base,tabindex:2)
2020-10-24 12:49:09,497 [INFO] PluginManage:292 - Check plugin ddr
2020-10-24 12:49:09,498 [INFO] PluginManage:342 - Loaded plugin ddr (category:tool,tabindex:6)
2020-10-24 12:49:09,498 [INFO] PluginManage:292 - Check plugin filemanager
2020-10-24 12:49:09,596 [INFO] PluginManage:342 - Loaded plugin filemanager (category:base,tabindex:10)
2020-10-24 12:49:09,596 [INFO] PluginManage:292 - Check plugin ipmanager
2020-10-24 12:49:09,601 [INFO] PluginManage:342 - Loaded plugin ipmanager (category:base,tabindex:5)
2020-10-24 12:49:09,601 [INFO] PluginManage:292 - Check plugin pinoutandconfiguration
2020-10-24 12:49:09,608 [INFO] PluginManage:342 - Loaded plugin pinoutandconfiguration (category:base,tabindex:1)
2020-10-24 12:49:09,608 [INFO] PluginManage:292 - Check plugin pinoutconfig
2020-10-24 12:49:09,629 [INFO] PluginManage:342 - Loaded plugin pinoutconfig (category:base,tabindex:0)
2020-10-24 12:49:09,629 [INFO] PluginManage:292 - Check plugin power
2020-10-24 12:49:09,634 [INFO] PluginManage:342 - Loaded plugin power (category:power,tabindex:4)
2020-10-24 12:49:09,635 [INFO] PluginManage:292 - Check plugin projectmanager
2020-10-24 12:49:09,646 [INFO] PluginManage:342 - Loaded plugin projectmanager (category:projectmanager,tabindex:3)
2020-10-24 12:49:09,647 [INFO] PluginManage:292 - Check plugin thirdparty
2020-10-24 12:49:09,706 [INFO] ThirdPartyDb:333 - Open Third Party DataBase File (/Users/leylee/.stm32cubemx/plugins/thirdparty/db/thirdparties_db.xml) : 24 ms. number of Sw pack : 23
2020-10-24 12:49:09,710 [INFO] PluginManage:342 - Loaded plugin thirdparty (category:base,tabindex:-1)
2020-10-24 12:49:09,710 [INFO] PluginManage:292 - Check plugin tools
2020-10-24 12:49:09,712 [INFO] PluginManage:342 - Loaded plugin tools (category:base,tabindex:7)
2020-10-24 12:49:09,712 [INFO] PluginManage:292 - Check plugin tutovideos
2020-10-24 12:49:09,864 [INFO] PluginManage:342 - Loaded plugin tutovideos (category:base,tabindex:-1)
2020-10-24 12:49:09,865 [INFO] PluginManage:292 - Check plugin updater
2020-10-24 12:49:09,873 [INFO] PluginManage:342 - Loaded plugin updater (category:base,tabindex:12)
2020-10-24 12:49:09,873 [INFO] PluginManage:265 - PluginManage : Loaded plugins [13]
2020-10-24 12:49:10,332 [INFO] PinOutPanel:1418 - setPackage(No Configuration,No Configuration)
2020-10-24 12:49:10,382 [INFO] IPUIPlugin:64 - create IPUIPlugin
2020-10-24 12:49:10,383 [INFO] PluginManager:200 - loadIPPluginJar : add mdma
2020-10-24 12:49:10,388 [INFO] IPUIPlugin:64 - create IPUIPlugin
2020-10-24 12:49:10,388 [INFO] PluginManager:200 - loadIPPluginJar : add freertos
2020-10-24 12:49:10,392 [INFO] IPUIPlugin:64 - create IPUIPlugin
2020-10-24 12:49:10,392 [INFO] PluginManager:200 - loadIPPluginJar : add gic
2020-10-24 12:49:10,398 [INFO] IPUIPlugin:64 - create IPUIPlugin
2020-10-24 12:49:10,398 [INFO] PluginManager:200 - loadIPPluginJar : add adc
2020-10-24 12:49:10,400 [INFO] IPUIPlugin:64 - create IPUIPlugin
2020-10-24 12:49:10,400 [INFO] PluginManager:200 - loadIPPluginJar : add gtzc
2020-10-24 12:49:10,401 [INFO] IPUIPlugin:64 - create IPUIPlugin
2020-10-24 12:49:10,401 [INFO] PluginManager:200 - loadIPPluginJar : add quadspi
2020-10-24 12:49:10,403 [INFO] IPUIPlugin:64 - create IPUIPlugin
2020-10-24 12:49:10,403 [INFO] PluginManager:200 - loadIPPluginJar : add aes
2020-10-24 12:49:10,405 [INFO] IPUIPlugin:64 - create IPUIPlugin
2020-10-24 12:49:10,405 [INFO] PluginManager:200 - loadIPPluginJar : add pdm2pcm
2020-10-24 12:49:10,407 [INFO] IPUIPlugin:64 - create IPUIPlugin
2020-10-24 12:49:10,407 [INFO] PluginManager:200 - loadIPPluginJar : add hash
2020-10-24 12:49:10,408 [INFO] IPUIPlugin:64 - create IPUIPlugin
2020-10-24 12:49:10,408 [INFO] PluginManager:200 - loadIPPluginJar : add tim
2020-10-24 12:49:10,409 [INFO] IPUIPlugin:64 - create IPUIPlugin
2020-10-24 12:49:10,409 [INFO] PluginManager:200 - loadIPPluginJar : add tsc
2020-10-24 12:49:10,410 [INFO] IPUIPlugin:64 - create IPUIPlugin
2020-10-24 12:49:10,410 [INFO] PluginManager:200 - loadIPPluginJar : add ts
2020-10-24 12:49:10,412 [INFO] IPUIPlugin:64 - create IPUIPlugin
2020-10-24 12:49:10,412 [INFO] PluginManager:200 - loadIPPluginJar : add can
2020-10-24 12:49:10,414 [INFO] IPUIPlugin:64 - create IPUIPlugin
2020-10-24 12:49:10,414 [INFO] PluginManager:200 - loadIPPluginJar : add dfsdm
2020-10-24 12:49:10,415 [INFO] IPUIPlugin:64 - create IPUIPlugin
2020-10-24 12:49:10,416 [INFO] PluginManager:200 - loadIPPluginJar : add spi
2020-10-24 12:49:10,417 [INFO] IPUIPlugin:64 - create IPUIPlugin
2020-10-24 12:49:10,417 [INFO] PluginManager:200 - loadIPPluginJar : add gfxmmu
2020-10-24 12:49:10,441 [INFO] IPUIPlugin:64 - create IPUIPlugin
2020-10-24 12:49:10,441 [INFO] PluginManager:200 - loadIPPluginJar : add genericplugin
2020-10-24 12:49:10,444 [INFO] IPUIPlugin:64 - create IPUIPlugin
2020-10-24 12:49:10,444 [INFO] PluginManager:200 - loadIPPluginJar : add cryp
2020-10-24 12:49:10,447 [INFO] IPUIPlugin:64 - create IPUIPlugin
2020-10-24 12:49:10,447 [INFO] PluginManager:200 - loadIPPluginJar : add gpio
2020-10-24 12:49:10,448 [INFO] IPUIPlugin:64 - create IPUIPlugin
2020-10-24 12:49:10,448 [INFO] PluginManager:200 - loadIPPluginJar : add comp
2020-10-24 12:49:10,450 [INFO] IPUIPlugin:64 - create IPUIPlugin
2020-10-24 12:49:10,450 [INFO] PluginManager:200 - loadIPPluginJar : add tracer_emb
2020-10-24 12:49:10,457 [INFO] IPUIPlugin:64 - create IPUIPlugin
2020-10-24 12:49:10,458 [INFO] PluginManager:200 - loadIPPluginJar : add openamp
2020-10-24 12:49:10,461 [INFO] IPUIPlugin:64 - create IPUIPlugin
2020-10-24 12:49:10,461 [INFO] PluginManager:200 - loadIPPluginJar : add stm32_wpan
2020-10-24 12:49:10,466 [INFO] IPUIPlugin:64 - create IPUIPlugin
2020-10-24 12:49:10,468 [INFO] PluginManager:200 - loadIPPluginJar : add plateformsettings
2020-10-24 12:49:10,471 [INFO] IPUIPlugin:64 - create IPUIPlugin
2020-10-24 12:49:10,471 [INFO] PluginManager:200 - loadIPPluginJar : add ipddr
2020-10-24 12:49:10,473 [INFO] IPUIPlugin:64 - create IPUIPlugin
2020-10-24 12:49:10,473 [INFO] PluginManager:200 - loadIPPluginJar : add usart
2020-10-24 12:49:10,474 [INFO] IPUIPlugin:64 - create IPUIPlugin
2020-10-24 12:49:10,474 [INFO] PluginManager:200 - loadIPPluginJar : add ltdc
2020-10-24 12:49:10,476 [INFO] IPUIPlugin:64 - create IPUIPlugin
2020-10-24 12:49:10,476 [INFO] PluginManager:200 - loadIPPluginJar : add nvic
2020-10-24 12:49:10,477 [INFO] IPUIPlugin:64 - create IPUIPlugin
2020-10-24 12:49:10,477 [INFO] PluginManager:200 - loadIPPluginJar : add fatfs
2020-10-24 12:49:10,481 [INFO] IPUIPlugin:64 - create IPUIPlugin
2020-10-24 12:49:10,482 [INFO] PluginManager:200 - loadIPPluginJar : add dma
2020-10-24 12:49:10,485 [INFO] IPUIPlugin:64 - create IPUIPlugin
2020-10-24 12:49:10,485 [INFO] PluginManager:200 - loadIPPluginJar : add fmc
2020-10-24 12:49:10,487 [INFO] IPUIPlugin:64 - create IPUIPlugin
2020-10-24 12:49:10,487 [INFO] PluginManager:200 - loadIPPluginJar : add i2s
2020-10-24 12:49:10,488 [INFO] IPUIPlugin:64 - create IPUIPlugin
2020-10-24 12:49:10,488 [INFO] PluginManager:200 - loadIPPluginJar : add ucpd
2020-10-24 12:49:10,490 [INFO] IPUIPlugin:64 - create IPUIPlugin
2020-10-24 12:49:10,490 [INFO] PluginManager:200 - loadIPPluginJar : add opamp
2020-10-24 12:49:10,493 [INFO] IPUIPlugin:64 - create IPUIPlugin
2020-10-24 12:49:10,493 [INFO] PluginManager:200 - loadIPPluginJar : add touchsensing
2020-10-24 12:49:10,495 [INFO] IPUIPlugin:64 - create IPUIPlugin
2020-10-24 12:49:10,495 [INFO] PluginManager:200 - loadIPPluginJar : add i2c
2020-10-24 12:49:10,497 [INFO] IPUIPlugin:64 - create IPUIPlugin
2020-10-24 12:49:10,498 [INFO] PluginManager:200 - loadIPPluginJar : add resmgrutility
2020-10-24 12:49:10,500 [INFO] IPUIPlugin:64 - create IPUIPlugin
2020-10-24 12:49:10,500 [INFO] PluginManager:200 - loadIPPluginJar : add sai
2020-10-24 12:49:10,601 [ERROR] OsUtils:37 - [DDR PANEL] - Operating System: Not Defined
2020-10-24 12:49:10,696 [INFO] CubeProgrammer:457 - [DDR PANEL] - PathOfProgrammer: null
2020-10-24 12:49:11,262 [FATAL] Updater:282 - Updater called before beeing initialized
2020-10-24 12:49:11,391 [FATAL] Updater:282 - Updater called before beeing initialized
2020-10-24 12:49:11,391 [WARN] ThirdParty:775 - waiting for thirdparty lock release [close project]
2020-10-24 12:49:11,392 [INFO] ThirdParty:777 - entering critical section [close project]
2020-10-24 12:49:11,392 [INFO] ThirdParty:790 - exiting critical section [close project]
2020-10-24 12:49:11,394 [INFO] PinOutPanel:1418 - setPackage(No Configuration,No Configuration)
2020-10-24 12:49:11,395 [FATAL] Updater:282 - Updater called before beeing initialized
2020-10-24 12:49:11,398 [ERROR] Updater:967 - MainUpdater not yet initialized. External WinMGr cannot be set.
2020-10-24 12:49:11,399 [INFO] CubeProgrammer:457 - [DDR PANEL] - PathOfProgrammer: /Applications/STM32CubeIDE.app/Contents/Eclipse/plugins/com.st.stm32cube.ide.mcu.externaltools.cubeprogrammer.macos64_1.4.0.202007081208/tools/bin
2020-10-24 12:49:11,402 [INFO] ProgrammerExecThread:148 - [ProgrammerAPI] CubeProgrammer command construction: /Applications/STM32CubeIDE.app/Contents/Eclipse/plugins/com.st.stm32cube.ide.mcu.externaltools.cubeprogrammer.macos64_1.4.0.202007081208/tools/bin/STM32_Programmer_CLI -l
2020-10-24 12:49:11,501 [INFO] MainDdrPanel:49 - [DDR PANEL] SETTER - Set cubeProgrammerPath to: /Applications/STM32CubeIDE.app/Contents/Eclipse/plugins/com.st.stm32cube.ide.mcu.externaltools.cubeprogrammer.macos64_1.4.0.202007081208/tools/bin
2020-10-24 12:49:11,523 [INFO] Updater:904 - Updater Version found : 6.0.1
2020-10-24 12:49:11,537 [INFO] ApplicationProperties:181 - Using Application install path: /Applications/STM32CubeIDE.app/Contents/Eclipse/plugins/com.st.stm32cube.common.mx_6.0.1.202008101643
2020-10-24 12:49:11,731 [INFO] MainUpdater:2268 - connection check result : 10
2020-10-24 12:49:11,731 [INFO] MainUpdater:239 - Updater Check For Update Now.
2020-10-24 12:49:11,732 [INFO] MicroXplorer:414 - Change Database Version : DB.6.0.0
2020-10-24 12:49:11,761 [INFO] CheckServerUpdateThread:102 - End of CheckServer Thread
2020-10-24 12:49:11,837 [INFO] MainUpdater:2268 - connection check result : 10
2020-10-24 12:49:12,188 [INFO] McuFinderGlobals:40 - Set McuFinder mode to 2 (CubeIDE integrated)
2020-10-24 12:49:12,238 [INFO] CrossSelectorPresenter:1330 - Cross Selector saved comparison directory: /Users/leylee/.stmcufinder/plugins/mcufinder/mcu/cs_comparisons_mx
2020-10-24 12:49:12,242 [INFO] MultiScanPanel:193 - Auto-refresh data requested => check proxy status ongoing
2020-10-24 12:49:12,243 [INFO] FinderPluginLoader:87 - Searching for filters in installed packs
2020-10-24 12:49:12,244 [INFO] DbMcusXml:100 - Load MCU database from /Applications/STM32CubeIDE.app/Contents/Eclipse/plugins/com.st.stm32cube.common.mx_6.0.1.202008101643//db//mcu/families.xml
2020-10-24 12:49:12,715 [WARN] IntegrityCheckThread:61 - waiting for thirdparty lock release [integrity check]
2020-10-24 12:49:12,715 [INFO] IntegrityCheckThread:63 - entering critical section [integrity check]
2020-10-24 12:49:12,807 [INFO] ThirdPartyDb:299 - Save Third Party DataBase File (/Users/leylee/.stm32cubemx/plugins/thirdparty/db/thirdparties_db.xml) [forced]
2020-10-24 12:49:12,854 [INFO] ThirdPartyDb:299 - Save Third Party DataBase File (/Users/leylee/.stm32cubemx/plugins/thirdparty/db/thirdparties_db.xml) [forced]
2020-10-24 12:49:12,867 [INFO] IntegrityCheckThread:76 - exiting critical section [integrity check]
2020-10-24 12:49:12,867 [INFO] IntegrityCheckThread:79 - End integrity checks thread
2020-10-24 12:49:12,916 [INFO] DbMcusJson:92 - JSON generation date=Wed Oct 21 19:38:15 CST 2020 (1603280295)
2020-10-24 12:49:13,610 [INFO] DbMcus:175 - Found 1761 MCUs (1722 are supported by CubeMX, 1738 are visible in CubeMX)
2020-10-24 12:49:13,611 [INFO] ApiDb:201 - Load user favorites file /Users/leylee/.stm32cubeide/favorites.mcus.txt: 0 item(s)
2020-10-24 12:49:13,611 [INFO] ApiDb:205 - User favorites MCUs=[]
2020-10-24 12:49:13,611 [INFO] DbMcus:187 - Set 0 / 0 favorites MCUs
2020-10-24 12:49:13,918 [INFO] LoadUrlFilesThread:162 - End of LoadServerUrlFiles without Thread
2020-10-24 12:49:13,963 [INFO] DetailPanel:331 - Set advertising image to /Users/leylee/STM32Cube/Repository//stm32cubemx-promo_image.jpg
2020-10-24 12:49:14,304 [INFO] McuFilterPanel:245 - Update 0 favorites MCUs
2020-10-24 12:49:14,381 [INFO] DbBoardsPdsc:94 - Found 9 items
2020-10-24 12:49:14,383 [INFO] DbBoardsPdsc:94 - Found 4 items
2020-10-24 12:49:14,384 [INFO] DbBoardsPdsc:94 - Found 2 items
2020-10-24 12:49:14,389 [INFO] DbBoardsPdsc:94 - Found 44 items
2020-10-24 12:49:14,393 [INFO] DbBoardsPdsc:94 - Found 23 items
2020-10-24 12:49:14,414 [INFO] DbBoardsPdsc:94 - Found 1 items
2020-10-24 12:49:14,426 [INFO] DbBoardsPdsc:94 - Found 40 items
2020-10-24 12:49:14,430 [INFO] DbBoardsPdsc:94 - Found 29 items
2020-10-24 12:49:14,436 [WARN] DbBoardsPdsc:258 - Board STM32H7B3I-DK: unknown feature type=Audio, name=, username=Audio stereo codec with Headphone Amp (CS42L51-CNZ), n=1
2020-10-24 12:49:14,437 [WARN] DbBoardsPdsc:258 - Board STM32H735G-DK: unknown feature type=Audio, name=, username=Audio stereo codec with Headphone Amp (WM8994ECS/R), n=1
2020-10-24 12:49:14,440 [WARN] DbBoardsPdsc:258 - Board STM32H7B3I-EVAL: unknown feature type=Audio, name=, username=Multi-Channel Audio Codec (CS42L51-CNZ), n=1
2020-10-24 12:49:14,440 [WARN] DbBoardsPdsc:258 - Board STM32H7B3I-EVAL: unknown feature type=Meter, name=, username=Power-metering and Temperature-monitoring with sigma-delta modulators, n=1
2020-10-24 12:49:14,440 [WARN] DbBoardsPdsc:258 - Board STM32H7B3I-EVAL: unknown feature type=Motor, name=, username=Motor Control, n=1
2020-10-24 12:49:14,483 [INFO] DbBoardsJson:85 - JSON generation date=Mon Sep 28 21:22:09 CST 2020 (1601299329)
2020-10-24 12:49:14,495 [INFO] DbBoards:117 - Found 153 boards (149 are supported by CubeMX)
2020-10-24 12:49:14,508 [INFO] DbBoardsDocs:145 - JSON generation date=Wed Oct 21 19:38:15 CST 2020 (1603280295)
2020-10-24 12:49:14,541 [INFO] DbBoardsDocs:81 - Found 190 boards documents
2020-10-24 12:49:14,541 [WARN] DbBoards:127 - board B-L462E-CELL1 has no document id list !
2020-10-24 12:49:14,542 [WARN] DbBoards:127 - board B-L475E-IOT01A2 has no document id list !
2020-10-24 12:49:14,543 [WARN] DbBoards:127 - board NUCLEO-G491RE has no document id list !
2020-10-24 12:49:14,543 [WARN] DbBoards:127 - board NUCLEO-H743ZI2 has no document id list !
2020-10-24 12:49:14,544 [WARN] DbBoards:127 - board NUCLEO-WB35CE has no document id list !
2020-10-24 12:49:14,544 [WARN] DbBoards:127 - board NUCLEO-WB55RG has no document id list !
2020-10-24 12:49:14,544 [WARN] DbBoards:127 - board P-NUCLEO-WB55-Nucleo has no document id list !
2020-10-24 12:49:14,544 [WARN] DbBoards:127 - board P-NUCLEO-WB55-USBDongle has no document id list !
2020-10-24 12:49:14,544 [WARN] DbBoards:127 - board STEVAL-BFA001V1B has no document id list !
2020-10-24 12:49:14,544 [WARN] DbBoards:127 - board STEVAL-BFA001V2B has no document id list !
2020-10-24 12:49:14,545 [WARN] DbBoards:127 - board STEVAL-IDP005V1 has no document id list !
2020-10-24 12:49:14,545 [WARN] DbBoards:127 - board STEVAL-IDP005V2 has no document id list !
2020-10-24 12:49:14,545 [WARN] DbBoards:127 - board STEVAL-MKSBOX1V1 has no document id list !
2020-10-24 12:49:14,545 [WARN] DbBoards:127 - board STEVAL-STWINKT1 has no document id list !
2020-10-24 12:49:14,546 [WARN] DbBoards:127 - board STM32F401C-DISCO has no document id list !
2020-10-24 12:49:14,546 [WARN] DbBoards:127 - board STM32F769I-DISC1 has no document id list !
2020-10-24 12:49:14,547 [WARN] DbBoards:127 - board STM32G474E-EVAL1 has no document id list !
2020-10-24 12:49:14,547 [WARN] DbBoards:127 - board STM32H743I-EVAL2 has no document id list !
2020-10-24 12:49:14,547 [WARN] DbBoards:127 - board STM32H747I-DISC1 has no document id list !
2020-10-24 12:49:14,547 [WARN] DbBoards:127 - board STM32H753I-EVAL2 has no document id list !
2020-10-24 12:49:14,547 [WARN] DbBoards:127 - board STM32L-DISCOVERY has no document id list !
2020-10-24 12:49:14,548 [WARN] DbBoards:127 - board STM32MP157A-DK1 has no document id list !
2020-10-24 12:49:14,548 [WARN] DbBoards:127 - board STM32MP157F-EV1 has no document id list !
2020-10-24 12:49:14,649 [ERROR] DbBoards:192 - No image file URL for board B-L462E-CELL1
2020-10-24 12:49:14,952 [ERROR] DbBoards:192 - No image file URL for board NUCLEO-WB35CE
2020-10-24 12:49:15,719 [INFO] ApiDb:192 - User favorites file not found: /Users/leylee/.stm32cubeide/favorites.boards.txt
2020-10-24 12:49:15,719 [INFO] DbBoards:206 - Set 0 / 0 favorites Boards
2020-10-24 12:52:47,161 [INFO] DbMcusDocs:145 - JSON generation date=Wed Oct 21 19:38:15 CST 2020 (1603280295)
2020-10-24 12:52:47,401 [INFO] DbMcusDocs:81 - Found 601 MCUs documents
2020-10-24 12:53:08,546 [INFO] LogOutputStream:76 - [STDOUT_REDIRECT] withoutVersionV1.8.2
2020-10-24 12:53:08,551 [INFO] LogOutputStream:76 - [STDOUT_REDIRECT] withoutVersionV1.8.1
2020-10-24 12:53:08,552 [INFO] LogOutputStream:76 - [STDOUT_REDIRECT] withoutVersionV1.8.0
2020-10-24 12:53:12,870 [INFO] MainUpdater:2268 - connection check result : 10
2020-10-24 12:53:12,871 [INFO] MainUpdater:2268 - connection check result : 10
2020-10-24 12:53:13,081 [INFO] MicroXplorer:384 - Change Database Path : 
2020-10-24 12:53:13,081 [INFO] MicroXplorer:414 - Change Database Version : DB.6.0.0
2020-10-24 12:53:13,081 [WARN] ThirdParty:775 - waiting for thirdparty lock release [close project]
2020-10-24 12:53:13,081 [INFO] ThirdParty:777 - entering critical section [close project]
2020-10-24 12:53:13,081 [INFO] ThirdParty:790 - exiting critical section [close project]
2020-10-24 12:53:13,083 [INFO] PinOutPanel:1418 - setPackage(No Configuration,No Configuration)
2020-10-24 12:53:13,084 [INFO] UtilMem:74 - Begin LoadConfig() Used Memory: 364812656 Bytes (469762048)
2020-10-24 12:53:13,084 [INFO] MicroXplorer:384 - Change Database Path : 
2020-10-24 12:53:13,085 [INFO] MicroXplorer:414 - Change Database Version : DB.6.0.0
2020-10-24 12:53:13,085 [INFO] OpenFileManager:274 - Change cursor
2020-10-24 12:53:13,876 [INFO] ImportTextPane:162 - (OptionalMessage_ERROR) Unable to find key (Mcu.ThirdPartyNb) in loaded IOC file
2020-10-24 12:53:13,876 [INFO] ImportTextPane:162 - (OptionalMessage_ERROR) Unable to find key (Mcu.PinsNb) in loaded IOC file
2020-10-24 12:53:13,876 [INFO] ImportTextPane:162 - (OptionalMessage_ERROR) Unable to find key (Mcu.IPNb) in loaded IOC file
2020-10-24 12:53:13,951 [WARN] ApiManager:274 - Cannot register API 'Board Extension:IKS01A3' from pack STMicroelectronics.X-CUBE-MEMS1.8.1.1: no header file found
2020-10-24 12:53:13,951 [WARN] ApiManager:274 - Cannot register API 'Board Extension:IKS01A2' from pack STMicroelectronics.X-CUBE-MEMS1.8.1.1: no header file found
2020-10-24 12:53:13,951 [WARN] ApiManager:274 - Cannot register API 'Board Extension:IKS02A1' from pack STMicroelectronics.X-CUBE-MEMS1.8.1.1: no header file found
2020-10-24 12:53:13,952 [INFO] DependencyParser:915 - This component is not compatible with the current MCU : [1603457046340]
2020-10-24 12:53:13,952 [INFO] ThirdPartyModel:556 - Component with status : MCU_INCOMPATIBLE for condition : GFX01M1_Condition id : 1603457046325
2020-10-24 12:53:13,952 [INFO] DependencyParser:915 - This component is not compatible with the current MCU : [1603457046340]
2020-10-24 12:53:13,952 [INFO] ThirdPartyModel:556 - Component with status : MCU_INCOMPATIBLE for condition : GFX01M1_HelloWorld_Condition id : 1603457046327
2020-10-24 12:53:13,954 [INFO] RtosManager:456 - Registered RTOS mode: class=CMSIS, group=RTOS, mode=CMSIS_V1, owner=FREERTOS
2020-10-24 12:53:13,955 [INFO] RtosManager:456 - Registered RTOS mode: class=CMSIS, group=RTOS2, mode=CMSIS_V2, owner=FREERTOS
2020-10-24 12:53:13,955 [INFO] RtosManager:456 - Registered RTOS mode: class=RTOS, group=Core, mode=CMSIS_V1, owner=FREERTOS
2020-10-24 12:53:13,955 [INFO] RtosManager:456 - Registered RTOS mode: class=RTOS, group=Core, mode=CMSIS_V2, owner=FREERTOS
2020-10-24 12:53:13,955 [WARN] ModelIntegratedComponent:188 - Missing modes for component 1603459314408
2020-10-24 12:53:13,956 [WARN] ApiManager:274 - Cannot register API 'Board Extension:GNSS1A1' from pack STMicroelectronics.X-CUBE-GNSS1.5.0.0: no header file found
2020-10-24 12:53:13,956 [WARN] ApiManager:274 - Cannot register API 'Board Support:Custom' from pack STMicroelectronics.X-CUBE-GNSS1.5.0.0: no header file found
2020-10-24 12:53:13,956 [WARN] ApiManager:274 - Cannot register API 'Data Exchange:lib_gnss' from pack STMicroelectronics.X-CUBE-GNSS1.5.0.0: no header file found
2020-10-24 12:53:13,957 [WARN] ApiManager:274 - Cannot register API 'Board Extension:S2868A1' from pack STMicroelectronics.X-CUBE-SUBG2.2.0.0: no header file found
2020-10-24 12:53:13,957 [WARN] ApiManager:274 - Cannot register API 'Board Extension:S2868A2' from pack STMicroelectronics.X-CUBE-SUBG2.2.0.0: no header file found
2020-10-24 12:53:13,957 [WARN] ApiManager:274 - Cannot register API 'Board Extension:S2915A1' from pack STMicroelectronics.X-CUBE-SUBG2.2.0.0: no header file found
2020-10-24 12:53:13,957 [WARN] ApiManager:274 - Cannot register API 'Wireless:BlueNRG-MS' from pack STMicroelectronics.X-CUBE-BLE1.6.0.0: no header file found
2020-10-24 12:53:13,958 [WARN] ApiManager:274 - Cannot register API 'Wireless:BlueNRG-2' from pack STMicroelectronics.X-CUBE-BLE2.3.0.0: no header file found
2020-10-24 12:53:14,115 [INFO] UtilMem:74 - End LoadConfig() Used Memory: 345352472 Bytes (469762048)
2020-10-24 12:53:14,117 [WARN] ThirdParty:741 - waiting for thirdparty lock release [change project]
2020-10-24 12:53:14,117 [INFO] ThirdParty:743 - entering critical section [change project]
2020-10-24 12:53:14,118 [INFO] ThirdParty:968 - CMSIS Pack Vendor :STMicroelectronics X-CUBE-MEMS1 8.1.1
2020-10-24 12:53:14,118 [INFO] ThirdParty:968 - CMSIS Pack Vendor :STMicroelectronics USB_HOST 2.0.0
2020-10-24 12:53:14,118 [INFO] ThirdParty:968 - CMSIS Pack Vendor :STMicroelectronics X-CUBE-DISPLAY 1.0.0
2020-10-24 12:53:14,118 [INFO] ThirdParty:968 - CMSIS Pack Vendor :STMicroelectronics FreeRTOS 0.0.1
2020-10-24 12:53:14,118 [INFO] ThirdParty:968 - CMSIS Pack Vendor :STMicroelectronics USB_DEVICE 1.0.0
2020-10-24 12:53:14,118 [INFO] ThirdParty:968 - CMSIS Pack Vendor :STMicroelectronics X-CUBE-ALGOBUILD 1.1.0
2020-10-24 12:53:14,118 [INFO] ThirdParty:968 - CMSIS Pack Vendor :STMicroelectronics USB_DEVICE 3.0.0
2020-10-24 12:53:14,118 [INFO] ThirdParty:968 - CMSIS Pack Vendor :STMicroelectronics X-CUBE-GNSS1 5.0.0
2020-10-24 12:53:14,119 [INFO] ThirdParty:968 - CMSIS Pack Vendor :STMicroelectronics X-CUBE-SUBG2 2.0.0
2020-10-24 12:53:14,119 [INFO] ThirdParty:968 - CMSIS Pack Vendor :STMicroelectronics MBEDTLS 2.16.2
2020-10-24 12:53:14,119 [INFO] ThirdParty:968 - CMSIS Pack Vendor :STMicroelectronics X-CUBE-BLE1 6.0.0
2020-10-24 12:53:14,119 [INFO] ThirdParty:968 - CMSIS Pack Vendor :STMicroelectronics lwIP 2.0.3
2020-10-24 12:53:14,119 [INFO] ThirdParty:968 - CMSIS Pack Vendor :STMicroelectronics lwIP 2.1.2
2020-10-24 12:53:14,119 [INFO] ThirdParty:968 - CMSIS Pack Vendor :STMicroelectronics MBEDTLS 2.14.1
2020-10-24 12:53:14,119 [INFO] ThirdParty:968 - CMSIS Pack Vendor :STMicroelectronics X-CUBE-TOUCHGFX 4.15.0
2020-10-24 12:53:14,119 [INFO] ThirdParty:968 - CMSIS Pack Vendor :STMicroelectronics USB_HOST 1.0.0
2020-10-24 12:53:14,119 [INFO] ThirdParty:968 - CMSIS Pack Vendor :STMicroelectronics X-CUBE-AI 5.2.0
2020-10-24 12:53:14,119 [INFO] ThirdParty:968 - CMSIS Pack Vendor :STMicroelectronics X-CUBE-BLE2 3.0.0
2020-10-24 12:53:14,120 [INFO] ThirdParty:968 - CMSIS Pack Vendor :STMicroelectronics X-CUBE-NFC4 2.0.0
2020-10-24 12:53:14,120 [INFO] ThirdParty:968 - CMSIS Pack Vendor :STMicroelectronics PDM2PCM 3.1.0
2020-10-24 12:53:14,120 [INFO] ThirdParty:968 - CMSIS Pack Vendor :STMicroelectronics USB_DEVICE 2.0.0
2020-10-24 12:53:14,120 [INFO] ThirdParty:968 - CMSIS Pack Vendor :STMicroelectronics PDM2PCM 3.2.0
2020-10-24 12:53:14,120 [INFO] ThirdParty:968 - CMSIS Pack Vendor :STMicroelectronics PDM2PCM 3.3.0
2020-10-24 12:53:14,120 [INFO] ThirdParty:749 - exiting critical section [change project]
2020-10-24 12:53:14,293 [INFO] PinOutPanel:1418 - setPackage(No Configuration,No Configuration)
2020-10-24 12:53:14,294 [INFO] PinOutPanel:1418 - setPackage(STM32F103C8Tx,LQFP48)
2020-10-24 12:53:14,617 [INFO] UtilMem:74 - Before build in PCC Used Memory: 384447608 Bytes (469762048)
2020-10-24 12:53:14,922 [INFO] SharedServices:71 - Folder for power plug-in: /Users/leylee/.stm32cubemx/plugins/power
2020-10-24 12:53:14,959 [INFO] SharedServices:71 - Folder for power plug-in: /Users/leylee/.stm32cubemx/plugins/power
2020-10-24 12:53:14,987 [INFO] SharedServices:71 - Folder for power plug-in: /Users/leylee/.stm32cubemx/plugins/power
2020-10-24 12:53:14,992 [INFO] SharedServices:71 - Folder for power plug-in: /Users/leylee/.stm32cubemx/plugins/power
2020-10-24 12:53:15,112 [INFO] UtilMem:74 - After build in PCC Used Memory: 358036480 Bytes (469762048)
2020-10-24 12:53:15,124 [INFO] IPUIPlugin:64 - create IPUIPlugin
2020-10-24 12:53:15,125 [INFO] IPUIPlugin:64 - create IPUIPlugin
2020-10-24 12:53:15,125 [INFO] IPUIPlugin:64 - create IPUIPlugin
2020-10-24 12:53:15,125 [INFO] IPUIPlugin:64 - create IPUIPlugin
2020-10-24 12:53:15,125 [INFO] IPUIPlugin:64 - create IPUIPlugin
2020-10-24 12:53:15,125 [INFO] IPUIPlugin:64 - create IPUIPlugin
2020-10-24 12:53:15,126 [INFO] IPUIPlugin:64 - create IPUIPlugin
2020-10-24 12:53:15,126 [INFO] IPUIPlugin:64 - create IPUIPlugin
2020-10-24 12:53:15,126 [INFO] IPUIPlugin:64 - create IPUIPlugin
2020-10-24 12:53:15,126 [INFO] IPUIPlugin:64 - create IPUIPlugin
2020-10-24 12:53:15,126 [INFO] IPUIPlugin:64 - create IPUIPlugin
2020-10-24 12:53:15,126 [INFO] IPUIPlugin:64 - create IPUIPlugin
2020-10-24 12:53:15,127 [INFO] IPUIPlugin:64 - create IPUIPlugin
2020-10-24 12:53:15,127 [INFO] IPUIPlugin:64 - create IPUIPlugin
2020-10-24 12:53:15,127 [INFO] IPUIPlugin:64 - create IPUIPlugin
2020-10-24 12:53:15,127 [INFO] IPUIPlugin:64 - create IPUIPlugin
2020-10-24 12:53:15,128 [INFO] IPUIPlugin:64 - create IPUIPlugin
2020-10-24 12:53:15,128 [INFO] IPUIPlugin:64 - create IPUIPlugin
2020-10-24 12:53:15,128 [INFO] IPUIPlugin:64 - create IPUIPlugin
2020-10-24 12:53:15,128 [INFO] IPUIPlugin:64 - create IPUIPlugin
2020-10-24 12:53:15,128 [INFO] IPUIPlugin:64 - create IPUIPlugin
2020-10-24 12:53:15,128 [INFO] IPUIPlugin:64 - create IPUIPlugin
2020-10-24 12:53:15,129 [INFO] IPUIPlugin:64 - create IPUIPlugin
2020-10-24 12:53:15,129 [INFO] IPUIPlugin:64 - create IPUIPlugin
2020-10-24 12:53:15,129 [INFO] IPUIPlugin:64 - create IPUIPlugin
2020-10-24 12:53:15,130 [INFO] IPUIPlugin:64 - create IPUIPlugin
2020-10-24 12:53:15,130 [INFO] IPUIPlugin:64 - create IPUIPlugin
2020-10-24 12:53:15,150 [INFO] LogOutputStream:76 - [STDOUT_REDIRECT] toolchainItems.length=====1
2020-10-24 12:53:15,339 [INFO] OpenFileManager:294 - Restore cursor
2020-10-24 12:53:15,654 [INFO] UtilMem:74 - End SaveConfig() Used Memory: 377833768 Bytes (469762048)
2020-10-24 12:53:15,684 [INFO] UtilMem:74 - End SaveConfig() Used Memory: 382316544 Bytes (469762048)
2020-10-24 12:53:16,313 [INFO] BlockDiagram:2729 - set Specific Code input for plugin: NVIC
2020-10-24 12:53:16,314 [INFO] BlockDiagram:2729 - set Specific Code input for plugin: SYS
2020-10-24 12:53:16,315 [INFO] BlockDiagram:2729 - set Specific Code input for plugin: RCC
2020-10-24 12:53:16,315 [INFO] CodeGenerator:622 - code generatio: config db path: /Applications/STM32CubeIDE.app/Contents/Eclipse/plugins/com.st.stm32cube.common.mx_6.0.1.202008101643//db/
2020-10-24 12:53:16,669 [INFO] CodeEngine:188 - oldGeneratedFile, /Users/leylee/GitHub/STM32TestWorkspace/brightnessTest/MXTmpFiles/license.tmp_save
2020-10-24 12:53:17,011 [INFO] CodeEngine:206 - Generated code: /Users/leylee/GitHub/STM32TestWorkspace/brightnessTest/MXTmpFiles/license.tmp
2020-10-24 12:53:17,104 [INFO] CodeEngine:188 - oldGeneratedFile, /Users/leylee/GitHub/STM32TestWorkspace/brightnessTest/Core/Src/stm32f1xx_it.c_save
2020-10-24 12:53:17,196 [INFO] CodeEngine:206 - Generated code: /Users/leylee/GitHub/STM32TestWorkspace/brightnessTest/Core/Src/stm32f1xx_it.c
2020-10-24 12:53:17,210 [INFO] CodeEngine:188 - oldGeneratedFile, /Users/leylee/GitHub/STM32TestWorkspace/brightnessTest/Core/Inc/stm32f1xx_it.h_save
2020-10-24 12:53:17,285 [INFO] CodeEngine:206 - Generated code: /Users/leylee/GitHub/STM32TestWorkspace/brightnessTest/Core/Inc/stm32f1xx_it.h
2020-10-24 12:53:17,291 [INFO] CodeEngine:188 - oldGeneratedFile, /Users/leylee/GitHub/STM32TestWorkspace/brightnessTest/Core/Src/stm32f1xx_hal_msp.c_save
2020-10-24 12:53:17,419 [INFO] CodeEngine:206 - Generated code: /Users/leylee/GitHub/STM32TestWorkspace/brightnessTest/Core/Src/stm32f1xx_hal_msp.c
2020-10-24 12:53:17,422 [INFO] CodeEngine:188 - oldGeneratedFile, /Users/leylee/GitHub/STM32TestWorkspace/brightnessTest/MXTmpFiles/system.tmp_save
2020-10-24 12:53:17,478 [INFO] CodeEngine:206 - Generated code: /Users/leylee/GitHub/STM32TestWorkspace/brightnessTest/MXTmpFiles/system.tmp
2020-10-24 12:53:17,482 [INFO] CodeEngine:188 - oldGeneratedFile, /Users/leylee/GitHub/STM32TestWorkspace/brightnessTest/Core/Inc/stm32f1xx_hal_conf.h_save
2020-10-24 12:53:17,568 [INFO] CodeEngine:206 - Generated code: /Users/leylee/GitHub/STM32TestWorkspace/brightnessTest/Core/Inc/stm32f1xx_hal_conf.h
2020-10-24 12:53:17,589 [INFO] CodeEngine:188 - oldGeneratedFile, /Users/leylee/GitHub/STM32TestWorkspace/brightnessTest/Core/Inc/main.h_save
2020-10-24 12:53:17,658 [INFO] CodeEngine:206 - Generated code: /Users/leylee/GitHub/STM32TestWorkspace/brightnessTest/Core/Inc/main.h
2020-10-24 12:53:17,662 [INFO] CodeEngine:188 - oldGeneratedFile, /Users/leylee/GitHub/STM32TestWorkspace/brightnessTest/Core/Src/main.c_save
2020-10-24 12:53:17,764 [INFO] CodeEngine:206 - Generated code: /Users/leylee/GitHub/STM32TestWorkspace/brightnessTest/Core/Src/main.c
2020-10-24 12:53:18,474 [INFO] ProjectBuilder:2168 - Time for Copy HAL[1] : 93mS.
2020-10-24 12:53:18,478 [INFO] ProjectBuilder:2988 - Project Generator version: 3.10.0-B14
2020-10-24 12:53:19,076 [INFO] ConfigFileManager:1183 - The Die is : DIE410
2020-10-24 12:53:19,094 [INFO] ApiDbMcu:456 - Load IP Config File for FATFS
2020-10-24 12:53:19,111 [INFO] ApiDbMcu:456 - Load IP Config File for FREERTOS
2020-10-24 12:53:19,126 [INFO] ApiDbMcu:456 - Load IP Config File for USB_DEVICE
2020-10-24 12:53:22,135 [ERROR] root:96 - SUCCESS
2020-10-24 12:53:22,166 [INFO] ProjectBuilder:3155 - Time for Generating toolchain IDE Files: 3688mS.
2020-10-24 12:53:22,167 [INFO] ProjectBuilder:2044 - Time for Copy CMSIS : 1mS.
2020-10-24 12:53:22,168 [INFO] ProjectBuilder:2044 - Time for Copy CMSIS : 0mS.
2020-10-24 12:53:22,390 [INFO] ApiDb:226 - Save user favorites file /Users/leylee/.stm32cubeide/favorites.mcus.txt: 0 item(s)
2020-10-24 12:53:22,391 [INFO] ApiDb:230 - User favorites MCUs=[]
